2025-12-10 22:42:14.1276|INFO|LoansApi.Program|Application started.
2025-12-10 22:42:14.1743|INFO|Microsoft.AspNetCore.DataProtection.KeyManagement.XmlKeyManager|User profile is available. Using '/Users/elkanishvilit/.aspnet/DataProtection-Keys' as key repository; keys will not be encrypted at rest.
2025-12-10 22:42:14.1991|INFO|Microsoft.Hosting.Lifetime|Now listening on: http://localhost:5247
2025-12-10 22:42:14.2005|INFO|Microsoft.Hosting.Lifetime|Application started. Press Ctrl+C to shut down.
2025-12-10 22:42:14.2005|INFO|Microsoft.Hosting.Lifetime|Hosting environment: Development
2025-12-10 22:42:14.2005|INFO|Microsoft.Hosting.Lifetime|Content root path: /Users/elkanishvilit/RiderProjects/LoansApi/LoansApi
2025-12-10 22:42:36.2101|INFO|Microsoft.Hosting.Lifetime|Application is shutting down...
2025-12-10 22:42:37.7715|INFO|LoansApi.Program|Application started.
2025-12-10 22:42:37.8249|INFO|Microsoft.AspNetCore.DataProtection.KeyManagement.XmlKeyManager|User profile is available. Using '/Users/elkanishvilit/.aspnet/DataProtection-Keys' as key repository; keys will not be encrypted at rest.
2025-12-10 22:42:37.8500|INFO|Microsoft.Hosting.Lifetime|Now listening on: http://localhost:5247
2025-12-10 22:42:37.8515|INFO|Microsoft.Hosting.Lifetime|Application started. Press Ctrl+C to shut down.
2025-12-10 22:42:37.8515|INFO|Microsoft.Hosting.Lifetime|Hosting environment: Development
2025-12-10 22:42:37.8515|INFO|Microsoft.Hosting.Lifetime|Content root path: /Users/elkanishvilit/RiderProjects/LoansApi/LoansApi
2025-12-10 22:44:11.4513|INFO|Microsoft.AspNetCore.Hosting.Diagnostics|Request starting HTTP/1.1 POST http://localhost:5247/api/User/login - application/json 67
2025-12-10 22:44:11.4814|WARN|Microsoft.AspNetCore.HttpsPolicy.HttpsRedirectionMiddleware|Failed to determine the https port for redirect.
2025-12-10 22:44:11.5085|INFO|Microsoft.AspNetCore.Routing.EndpointMiddleware|Executing endpoint 'LoansApi.Api.Controllers.UserController.Login (LoansApi)'
2025-12-10 22:44:11.5194|INFO|Microsoft.AspNetCore.Mvc.Infrastructure.ControllerActionInvoker|Route matched with {action = "Login", controller = "User"}. Executing controller action with signature System.Threading.Tasks.Task`1[Microsoft.AspNetCore.Mvc.IActionResult] Login(LoansApi.Api.DTOs.LoginDto) on controller LoansApi.Api.Controllers.UserController (LoansApi).
2025-12-10 22:44:11.6251|INFO|Microsoft.AspNetCore.Mvc.Infrastructure.ControllerActionInvoker|Executing action method LoansApi.Api.Controllers.UserController.Login (LoansApi) - Validation state: Valid
2025-12-10 22:44:11.9541|WARN|Microsoft.EntityFrameworkCore.Model.Validation|The foreign key property 'Loan.UserId1' was created in shadow state because a conflicting property with the simple name 'UserId' exists in the entity type, but is either not mapped, is already used for another relationship, or is incompatible with the associated primary key type. See https://aka.ms/efcore-relationships for information on mapping relationships in EF Core.
2025-12-10 22:44:12.2024|INFO|Microsoft.EntityFrameworkCore.Database.Command|Executed DbCommand (9ms) [Parameters=[@__dto_Username_0='?' (Size = 18)], CommandType='Text', CommandTimeout='30']
SELECT "u"."Id", "u"."Age", "u"."Email", "u"."FirstName", "u"."IsBlocked", "u"."LastName", "u"."MonthlyIncome", "u"."PasswordHash", "u"."Role", "u"."Username"
FROM "Users" AS "u"
WHERE "u"."Username" = @__dto_Username_0
LIMIT 1
2025-12-10 22:44:12.2625|INFO|Microsoft.AspNetCore.Mvc.Infrastructure.ControllerActionInvoker|Executed action method LoansApi.Api.Controllers.UserController.Login (LoansApi), returned result Microsoft.AspNetCore.Mvc.OkObjectResult in 633.3903ms.
2025-12-10 22:44:12.2658|INFO|Microsoft.AspNetCore.Mvc.Infrastructure.ObjectResultExecutor|Executing OkObjectResult, writing value of type 'LoansApi.Api.ResponseDTOs.UserLoginResponseDto'.
2025-12-10 22:44:12.2718|INFO|Microsoft.AspNetCore.Mvc.Infrastructure.ControllerActionInvoker|Executed action LoansApi.Api.Controllers.UserController.Login (LoansApi) in 749.4063ms
2025-12-10 22:44:12.2718|INFO|Microsoft.AspNetCore.Routing.EndpointMiddleware|Executed endpoint 'LoansApi.Api.Controllers.UserController.Login (LoansApi)'
2025-12-10 22:44:12.2769|INFO|Microsoft.AspNetCore.Hosting.Diagnostics|Request finished HTTP/1.1 POST http://localhost:5247/api/User/login - 200 - application/json;+charset=utf-8 827.0066ms
2025-12-10 22:46:42.2075|INFO|Microsoft.Hosting.Lifetime|Application is shutting down...
2025-12-10 22:46:44.5042|INFO|LoansApi.Program|Application started.
2025-12-10 22:46:44.5527|INFO|Microsoft.AspNetCore.DataProtection.KeyManagement.XmlKeyManager|User profile is available. Using '/Users/elkanishvilit/.aspnet/DataProtection-Keys' as key repository; keys will not be encrypted at rest.
2025-12-10 22:46:44.5784|INFO|Microsoft.Hosting.Lifetime|Now listening on: http://localhost:5247
2025-12-10 22:46:44.5803|INFO|Microsoft.Hosting.Lifetime|Application started. Press Ctrl+C to shut down.
2025-12-10 22:46:44.5803|INFO|Microsoft.Hosting.Lifetime|Hosting environment: Development
2025-12-10 22:46:44.5803|INFO|Microsoft.Hosting.Lifetime|Content root path: /Users/elkanishvilit/RiderProjects/LoansApi/LoansApi
2025-12-10 22:47:25.7493|INFO|Microsoft.Hosting.Lifetime|Application is shutting down...
2025-12-10 22:49:22.7100|INFO|LoansApi.Program|Application started.
2025-12-10 22:49:22.7590|INFO|Microsoft.AspNetCore.DataProtection.KeyManagement.XmlKeyManager|User profile is available. Using '/Users/elkanishvilit/.aspnet/DataProtection-Keys' as key repository; keys will not be encrypted at rest.
2025-12-10 22:49:22.7831|INFO|Microsoft.Hosting.Lifetime|Now listening on: http://localhost:5247
2025-12-10 22:49:22.7849|INFO|Microsoft.Hosting.Lifetime|Application started. Press Ctrl+C to shut down.
2025-12-10 22:49:22.7849|INFO|Microsoft.Hosting.Lifetime|Hosting environment: Development
2025-12-10 22:49:22.7849|INFO|Microsoft.Hosting.Lifetime|Content root path: /Users/elkanishvilit/RiderProjects/LoansApi/LoansApi
2025-12-10 22:49:42.3869|INFO|Microsoft.Hosting.Lifetime|Application is shutting down...
2025-12-10 22:49:44.2170|INFO|LoansApi.Program|Application started.
2025-12-10 22:49:44.2689|INFO|Microsoft.AspNetCore.DataProtection.KeyManagement.XmlKeyManager|User profile is available. Using '/Users/elkanishvilit/.aspnet/DataProtection-Keys' as key repository; keys will not be encrypted at rest.
2025-12-10 22:49:44.2922|INFO|Microsoft.Hosting.Lifetime|Now listening on: http://localhost:5247
2025-12-10 22:49:44.2936|INFO|Microsoft.Hosting.Lifetime|Application started. Press Ctrl+C to shut down.
2025-12-10 22:49:44.2936|INFO|Microsoft.Hosting.Lifetime|Hosting environment: Development
2025-12-10 22:49:44.2936|INFO|Microsoft.Hosting.Lifetime|Content root path: /Users/elkanishvilit/RiderProjects/LoansApi/LoansApi
2025-12-10 22:52:24.1904|INFO|Microsoft.AspNetCore.Hosting.Diagnostics|Request starting HTTP/1.1 POST http://localhost:5247/api/User/login - application/json 67
2025-12-10 22:52:24.2183|WARN|Microsoft.AspNetCore.HttpsPolicy.HttpsRedirectionMiddleware|Failed to determine the https port for redirect.
2025-12-10 22:52:24.2449|INFO|Microsoft.AspNetCore.Routing.EndpointMiddleware|Executing endpoint 'LoansApi.Api.Controllers.UserController.Login (LoansApi)'
2025-12-10 22:52:24.2567|INFO|Microsoft.AspNetCore.Mvc.Infrastructure.ControllerActionInvoker|Route matched with {action = "Login", controller = "User"}. Executing controller action with signature System.Threading.Tasks.Task`1[Microsoft.AspNetCore.Mvc.IActionResult] Login(LoansApi.Api.DTOs.LoginDto) on controller LoansApi.Api.Controllers.UserController (LoansApi).
2025-12-10 22:52:24.3631|INFO|Microsoft.AspNetCore.Mvc.Infrastructure.ControllerActionInvoker|Executing action method LoansApi.Api.Controllers.UserController.Login (LoansApi) - Validation state: Valid
2025-12-10 22:52:24.6904|WARN|Microsoft.EntityFrameworkCore.Model.Validation|The foreign key property 'Loan.UserId1' was created in shadow state because a conflicting property with the simple name 'UserId' exists in the entity type, but is either not mapped, is already used for another relationship, or is incompatible with the associated primary key type. See https://aka.ms/efcore-relationships for information on mapping relationships in EF Core.
2025-12-10 22:52:24.9369|INFO|Microsoft.EntityFrameworkCore.Database.Command|Executed DbCommand (10ms) [Parameters=[@__dto_Username_0='?' (Size = 18)], CommandType='Text', CommandTimeout='30']
SELECT "u"."Id", "u"."Age", "u"."Email", "u"."FirstName", "u"."IsBlocked", "u"."LastName", "u"."MonthlyIncome", "u"."PasswordHash", "u"."Role", "u"."Username"
FROM "Users" AS "u"
WHERE "u"."Username" = @__dto_Username_0
LIMIT 1
2025-12-10 22:52:24.9981|INFO|Microsoft.AspNetCore.Mvc.Infrastructure.ControllerActionInvoker|Executed action method LoansApi.Api.Controllers.UserController.Login (LoansApi), returned result Microsoft.AspNetCore.Mvc.OkObjectResult in 631.071ms.
2025-12-10 22:52:25.0011|INFO|Microsoft.AspNetCore.Mvc.Infrastructure.ObjectResultExecutor|Executing OkObjectResult, writing value of type 'LoansApi.Api.ResponseDTOs.UserLoginResponseDto'.
2025-12-10 22:52:25.0073|INFO|Microsoft.AspNetCore.Mvc.Infrastructure.ControllerActionInvoker|Executed action LoansApi.Api.Controllers.UserController.Login (LoansApi) in 747.7374ms
2025-12-10 22:52:25.0074|INFO|Microsoft.AspNetCore.Routing.EndpointMiddleware|Executed endpoint 'LoansApi.Api.Controllers.UserController.Login (LoansApi)'
2025-12-10 22:52:25.0128|INFO|Microsoft.AspNetCore.Hosting.Diagnostics|Request finished HTTP/1.1 POST http://localhost:5247/api/User/login - 200 - application/json;+charset=utf-8 823.7735ms
2025-12-10 22:52:26.9758|INFO|Microsoft.AspNetCore.Hosting.Diagnostics|Request starting HTTP/1.1 GET http://localhost:5247/api/User/userInfo/3 - - -
2025-12-10 22:52:27.0348|INFO|Microsoft.AspNetCore.Routing.EndpointMiddleware|Executing endpoint 'LoansApi.Api.Controllers.UserController.GetUserById (LoansApi)'
2025-12-10 22:52:27.0375|INFO|Microsoft.AspNetCore.Mvc.Infrastructure.ControllerActionInvoker|Route matched with {action = "GetUserById", controller = "User"}. Executing controller action with signature System.Threading.Tasks.Task`1[Microsoft.AspNetCore.Mvc.IActionResult] GetUserById(Int32) on controller LoansApi.Api.Controllers.UserController (LoansApi).
2025-12-10 22:52:27.0389|INFO|Microsoft.AspNetCore.Mvc.Infrastructure.ControllerActionInvoker|Executing action method LoansApi.Api.Controllers.UserController.GetUserById (LoansApi) - Validation state: Valid
2025-12-10 22:52:27.0744|INFO|Microsoft.EntityFrameworkCore.Database.Command|Executed DbCommand (1ms) [Parameters=[@__id_0='?' (DbType = Int32)], CommandType='Text', CommandTimeout='30']
SELECT "u"."Id", "u"."Username", "u"."Email", "u"."Role", "u"."FirstName", "u"."LastName", "u"."Age", "u"."MonthlyIncome"
FROM "Users" AS "u"
WHERE "u"."Id" = @__id_0
LIMIT 1
2025-12-10 22:52:27.0744|INFO|Microsoft.AspNetCore.Mvc.Infrastructure.ControllerActionInvoker|Executed action method LoansApi.Api.Controllers.UserController.GetUserById (LoansApi), returned result Microsoft.AspNetCore.Mvc.OkObjectResult in 35.8955ms.
2025-12-10 22:52:27.0744|INFO|Microsoft.AspNetCore.Mvc.Infrastructure.ObjectResultExecutor|Executing OkObjectResult, writing value of type '<>f__AnonymousType1`8[[System.Int32, System.Private.CoreLib, Version=9.0.0.0, Culture=neutral, PublicKeyToken=7cec85d7bea7798e],[System.String, System.Private.CoreLib, Version=9.0.0.0, Culture=neutral, PublicKeyToken=7cec85d7bea7798e],[System.String, System.Private.CoreLib, Version=9.0.0.0, Culture=neutral, PublicKeyToken=7cec85d7bea7798e],[System.String, System.Private.CoreLib, Version=9.0.0.0, Culture=neutral, PublicKeyToken=7cec85d7bea7798e],[System.String, System.Private.CoreLib, Version=9.0.0.0, Culture=neutral, PublicKeyToken=7cec85d7bea7798e],[System.String, System.Private.CoreLib, Version=9.0.0.0, Culture=neutral, PublicKeyToken=7cec85d7bea7798e],[System.Int32, System.Private.CoreLib, Version=9.0.0.0, Culture=neutral, PublicKeyToken=7cec85d7bea7798e],[System.Decimal, System.Private.CoreLib, Version=9.0.0.0, Culture=neutral, PublicKeyToken=7cec85d7bea7798e]]'.
2025-12-10 22:52:27.0836|INFO|Microsoft.AspNetCore.Mvc.Infrastructure.ControllerActionInvoker|Executed action LoansApi.Api.Controllers.UserController.GetUserById (LoansApi) in 45.9409ms
2025-12-10 22:52:27.0836|INFO|Microsoft.AspNetCore.Routing.EndpointMiddleware|Executed endpoint 'LoansApi.Api.Controllers.UserController.GetUserById (LoansApi)'
2025-12-10 22:52:27.0836|INFO|Microsoft.AspNetCore.Hosting.Diagnostics|Request finished HTTP/1.1 GET http://localhost:5247/api/User/userInfo/3 - 200 - application/json;+charset=utf-8 108.1754ms
2025-12-10 22:53:32.8490|INFO|Microsoft.Hosting.Lifetime|Application is shutting down...
2025-12-10 22:53:37.8724|INFO|LoansApi.Program|Application started.
2025-12-10 22:53:58.1668|INFO|LoansApi.Program|Application started.
2025-12-10 22:54:09.6302|INFO|LoansApi.Program|Application started.
2025-12-10 22:54:19.4402|INFO|LoansApi.Program|Application started.
2025-12-10 22:54:33.7420|WARN|Microsoft.AspNetCore.HttpsPolicy.HttpsRedirectionMiddleware|Failed to determine the https port for redirect.
2025-12-10 22:54:34.1806|WARN|Microsoft.EntityFrameworkCore.Model.Validation|The foreign key property 'Loan.UserId1' was created in shadow state because a conflicting property with the simple name 'UserId' exists in the entity type, but is either not mapped, is already used for another relationship, or is incompatible with the associated primary key type. See https://aka.ms/efcore-relationships for information on mapping relationships in EF Core.
2025-12-10 22:58:57.0234|INFO|LoansApi.Program|Application started.
2025-12-10 22:59:05.5493|WARN|Microsoft.AspNetCore.HttpsPolicy.HttpsRedirectionMiddleware|Failed to determine the https port for redirect.
2025-12-10 22:59:14.1298|INFO|LoansApi.Program|Application started.
2025-12-10 22:59:14.3332|WARN|Microsoft.AspNetCore.Server.Kestrel.Core.KestrelServer|The ASP.NET Core developer certificate is not trusted. For information about trusting the ASP.NET Core developer certificate, see https://aka.ms/aspnet/https-trust-dev-cert
2025-12-10 22:59:14.3516|ERROR|Microsoft.Extensions.Hosting.Internal.Host|Hosting failed to startSystem.IO.IOException: Failed to bind to address http://127.0.0.1:5247: address already in use.
 ---> Microsoft.AspNetCore.Connections.AddressInUseException: Address already in use
 ---> System.Net.Sockets.SocketException (48): Address already in use
   at System.Net.Sockets.Socket.DoBind(EndPoint endPointSnapshot, SocketAddress socketAddress)
   at System.Net.Sockets.Socket.Bind(EndPoint localEP)
   at Microsoft.AspNetCore.Server.Kestrel.Transport.Sockets.SocketTransportOptions.CreateDefaultBoundListenSocket(EndPoint endpoint)
   at Microsoft.AspNetCore.Server.Kestrel.Transport.Sockets.SocketConnectionListener.Bind()
   --- End of inner exception stack trace ---
   at Microsoft.AspNetCore.Server.Kestrel.Transport.Sockets.SocketConnectionListener.Bind()
   at Microsoft.AspNetCore.Server.Kestrel.Transport.Sockets.SocketTransportFactory.BindAsync(EndPoint endpoint, CancellationToken cancellationToken)
   at Microsoft.AspNetCore.Server.Kestrel.Core.Internal.Infrastructure.TransportManager.BindAsync(EndPoint endPoint, ConnectionDelegate connectionDelegate, EndpointConfig endpointConfig, CancellationToken cancellationToken)
   at Microsoft.AspNetCore.Server.Kestrel.Core.KestrelServerImpl.<>c__DisplayClass28_0`1.<<StartAsync>g__OnBind|0>d.MoveNext()
--- End of stack trace from previous location ---
   at Microsoft.AspNetCore.Server.Kestrel.Core.Internal.AddressBinder.BindEndpointAsync(ListenOptions endpoint, AddressBindContext context, CancellationToken cancellationToken)
   --- End of inner exception stack trace ---
   at Microsoft.AspNetCore.Server.Kestrel.Core.Internal.AddressBinder.BindEndpointAsync(ListenOptions endpoint, AddressBindContext context, CancellationToken cancellationToken)
   at Microsoft.AspNetCore.Server.Kestrel.Core.LocalhostListenOptions.BindAsync(AddressBindContext context, CancellationToken cancellationToken)
   at Microsoft.AspNetCore.Server.Kestrel.Core.Internal.AddressBinder.AddressesStrategy.BindAsync(AddressBindContext context, CancellationToken cancellationToken)
   at Microsoft.AspNetCore.Server.Kestrel.Core.KestrelServerImpl.BindAsync(CancellationToken cancellationToken)
   at Microsoft.AspNetCore.Server.Kestrel.Core.KestrelServerImpl.StartAsync[TContext](IHttpApplication`1 application, CancellationToken cancellationToken)
   at Microsoft.AspNetCore.Hosting.GenericWebHostService.StartAsync(CancellationToken cancellationToken)
   at Microsoft.Extensions.Hosting.Internal.Host.<StartAsync>b__14_1(IHostedService service, CancellationToken token)
   at Microsoft.Extensions.Hosting.Internal.Host.ForeachService[T](IEnumerable`1 services, CancellationToken token, Boolean concurrent, Boolean abortOnFirstException, List`1 exceptions, Func`3 operation)
2025-12-10 22:59:17.5158|INFO|LoansApi.Program|Application started.
2025-12-10 22:59:17.7243|WARN|Microsoft.AspNetCore.Server.Kestrel.Core.KestrelServer|The ASP.NET Core developer certificate is not trusted. For information about trusting the ASP.NET Core developer certificate, see https://aka.ms/aspnet/https-trust-dev-cert
2025-12-10 22:59:17.7428|ERROR|Microsoft.Extensions.Hosting.Internal.Host|Hosting failed to startSystem.IO.IOException: Failed to bind to address http://127.0.0.1:5247: address already in use.
 ---> Microsoft.AspNetCore.Connections.AddressInUseException: Address already in use
 ---> System.Net.Sockets.SocketException (48): Address already in use
   at System.Net.Sockets.Socket.DoBind(EndPoint endPointSnapshot, SocketAddress socketAddress)
   at System.Net.Sockets.Socket.Bind(EndPoint localEP)
   at Microsoft.AspNetCore.Server.Kestrel.Transport.Sockets.SocketTransportOptions.CreateDefaultBoundListenSocket(EndPoint endpoint)
   at Microsoft.AspNetCore.Server.Kestrel.Transport.Sockets.SocketConnectionListener.Bind()
   --- End of inner exception stack trace ---
   at Microsoft.AspNetCore.Server.Kestrel.Transport.Sockets.SocketConnectionListener.Bind()
   at Microsoft.AspNetCore.Server.Kestrel.Transport.Sockets.SocketTransportFactory.BindAsync(EndPoint endpoint, CancellationToken cancellationToken)
   at Microsoft.AspNetCore.Server.Kestrel.Core.Internal.Infrastructure.TransportManager.BindAsync(EndPoint endPoint, ConnectionDelegate connectionDelegate, EndpointConfig endpointConfig, CancellationToken cancellationToken)
   at Microsoft.AspNetCore.Server.Kestrel.Core.KestrelServerImpl.<>c__DisplayClass28_0`1.<<StartAsync>g__OnBind|0>d.MoveNext()
--- End of stack trace from previous location ---
   at Microsoft.AspNetCore.Server.Kestrel.Core.Internal.AddressBinder.BindEndpointAsync(ListenOptions endpoint, AddressBindContext context, CancellationToken cancellationToken)
   --- End of inner exception stack trace ---
   at Microsoft.AspNetCore.Server.Kestrel.Core.Internal.AddressBinder.BindEndpointAsync(ListenOptions endpoint, AddressBindContext context, CancellationToken cancellationToken)
   at Microsoft.AspNetCore.Server.Kestrel.Core.LocalhostListenOptions.BindAsync(AddressBindContext context, CancellationToken cancellationToken)
   at Microsoft.AspNetCore.Server.Kestrel.Core.Internal.AddressBinder.AddressesStrategy.BindAsync(AddressBindContext context, CancellationToken cancellationToken)
   at Microsoft.AspNetCore.Server.Kestrel.Core.KestrelServerImpl.BindAsync(CancellationToken cancellationToken)
   at Microsoft.AspNetCore.Server.Kestrel.Core.KestrelServerImpl.StartAsync[TContext](IHttpApplication`1 application, CancellationToken cancellationToken)
   at Microsoft.AspNetCore.Hosting.GenericWebHostService.StartAsync(CancellationToken cancellationToken)
   at Microsoft.Extensions.Hosting.Internal.Host.<StartAsync>b__14_1(IHostedService service, CancellationToken token)
   at Microsoft.Extensions.Hosting.Internal.Host.ForeachService[T](IEnumerable`1 services, CancellationToken token, Boolean concurrent, Boolean abortOnFirstException, List`1 exceptions, Func`3 operation)
2025-12-10 22:59:29.7807|INFO|LoansApi.Program|Application started.
2025-12-10 22:59:30.0133|WARN|Microsoft.AspNetCore.Server.Kestrel.Core.KestrelServer|The ASP.NET Core developer certificate is not trusted. For information about trusting the ASP.NET Core developer certificate, see https://aka.ms/aspnet/https-trust-dev-cert
2025-12-10 23:00:05.6591|INFO|LoansApi.Program|Application started.
2025-12-10 23:00:05.8915|WARN|Microsoft.AspNetCore.Server.Kestrel.Core.KestrelServer|The ASP.NET Core developer certificate is not trusted. For information about trusting the ASP.NET Core developer certificate, see https://aka.ms/aspnet/https-trust-dev-cert
2025-12-10 23:00:29.5621|INFO|LoansApi.Program|Application started.
2025-12-10 23:00:39.9986|WARN|Microsoft.AspNetCore.HttpsPolicy.HttpsRedirectionMiddleware|Failed to determine the https port for redirect.
2025-12-10 23:07:35.2898|INFO|LoansApi.Program|Application started.
2025-12-10 23:07:39.9645|WARN|Microsoft.AspNetCore.HttpsPolicy.HttpsRedirectionMiddleware|Failed to determine the https port for redirect.
2025-12-10 23:07:40.0949|INFO|LoansApi.Api.Controllers.UserController|Login attempt for username: accountant.tornike
2025-12-10 23:07:40.7031|INFO|LoansApi.Api.Controllers.UserController|User logged in successfully: accountant.tornike
2025-12-10 23:07:44.1390|INFO|LoansApi.Api.Controllers.UserController|GetUserById called for userId: 3
2025-12-10 23:07:44.1692|INFO|LoansApi.Api.Controllers.UserController|GetUserById succeeded for userId: 3
2025-12-10 23:10:08.7511|INFO|LoansApi.Program|Application started.
2025-12-10 23:10:16.9253|WARN|Microsoft.AspNetCore.HttpsPolicy.HttpsRedirectionMiddleware|Failed to determine the https port for redirect.
2025-12-10 23:10:17.6888|INFO|LoansApi.Api.Controllers.AccountantController|User tornike.e (Id=1) was blocked by Accountant accountant.tornike (Id=3)
2025-12-10 23:10:34.0252|INFO|LoansApi.Api.Controllers.AccountantController|User tornike.e (Id=1) was unblocked by Accountant accountant.tornike (Id=3)
2025-12-10 23:27:48.2978|INFO|LoansApi.Program|Application started.
2025-12-10 23:29:04.4623|INFO|LoansApi.Program|Application started.
2025-12-10 23:29:22.5757|WARN|Microsoft.AspNetCore.HttpsPolicy.HttpsRedirectionMiddleware|Failed to determine the https port for redirect.
2025-12-10 23:29:22.6553|ERROR|Microsoft.AspNetCore.Diagnostics.DeveloperExceptionPageMiddleware|An unhandled exception has occurred while executing the request.System.InvalidOperationException: Unable to resolve service for type 'LoansApi.Services.IUserService' while attempting to activate 'LoansApi.Api.Controllers.UserController'.
   at Microsoft.Extensions.DependencyInjection.ActivatorUtilities.ThrowHelperUnableToResolveService(Type type, Type requiredBy)
   at lambda_method9(Closure, IServiceProvider, Object[])
   at Microsoft.AspNetCore.Mvc.Controllers.ControllerFactoryProvider.<>c__DisplayClass6_0.<CreateControllerFactory>g__CreateController|0(ControllerContext controllerContext)
   at Microsoft.AspNetCore.Mvc.Infrastructure.ControllerActionInvoker.Next(State& next, Scope& scope, Object& state, Boolean& isCompleted)
   at Microsoft.AspNetCore.Mvc.Infrastructure.ControllerActionInvoker.InvokeInnerFilterAsync()
--- End of stack trace from previous location ---
   at Microsoft.AspNetCore.Mvc.Infrastructure.ResourceInvoker.<InvokeFilterPipelineAsync>g__Awaited|20_0(ResourceInvoker invoker, Task lastTask, State next, Scope scope, Object state, Boolean isCompleted)
   at Microsoft.AspNetCore.Mvc.Infrastructure.ResourceInvoker.<InvokeAsync>g__Logged|17_1(ResourceInvoker invoker)
   at Microsoft.AspNetCore.Mvc.Infrastructure.ResourceInvoker.<InvokeAsync>g__Logged|17_1(ResourceInvoker invoker)
   at Microsoft.AspNetCore.Authorization.AuthorizationMiddleware.Invoke(HttpContext context)
   at Microsoft.AspNetCore.Authentication.AuthenticationMiddleware.Invoke(HttpContext context)
   at Swashbuckle.AspNetCore.SwaggerUI.SwaggerUIMiddleware.Invoke(HttpContext httpContext)
   at Swashbuckle.AspNetCore.Swagger.SwaggerMiddleware.Invoke(HttpContext httpContext, ISwaggerProvider swaggerProvider)
   at Microsoft.AspNetCore.Diagnostics.DeveloperExceptionPageMiddlewareImpl.Invoke(HttpContext context)
2025-12-10 23:30:48.1514|INFO|LoansApi.Program|Application started.
2025-12-10 23:30:59.3298|WARN|Microsoft.AspNetCore.HttpsPolicy.HttpsRedirectionMiddleware|Failed to determine the https port for redirect.
2025-12-10 23:31:18.5884|INFO|LoansApi.Services.UserService|Login attempt: accountant.tornike
2025-12-10 23:31:19.1807|INFO|LoansApi.Services.UserService|Login success: accountant.tornike
2025-12-10 23:31:27.7327|INFO|LoansApi.Services.UserService|GetUserById called: 3
2025-12-10 23:31:27.7652|INFO|LoansApi.Services.UserService|GetUserById success: 3
2025-12-10 23:31:50.9139|INFO|LoansApi.Api.Controllers.AccountantController|User tornike.e (Id=1) was blocked by Accountant accountant.tornike (Id=3)
2025-12-10 23:32:06.8958|INFO|LoansApi.Services.UserService|Register attempt: accountant.tornikee
2025-12-10 23:32:06.9601|INFO|LoansApi.Services.UserService|User registered successfully: accountant.tornikee
2025-12-10 23:32:22.1561|INFO|LoansApi.Services.UserService|Register attempt: accountant.tornike
2025-12-10 23:32:22.1654|WARN|LoansApi.Services.UserService|Registration failed: Username taken.
2025-12-10 23:41:12.2491|INFO|LoansApi.Program|Application started.
2025-12-10 23:41:16.2343|WARN|Microsoft.AspNetCore.HttpsPolicy.HttpsRedirectionMiddleware|Failed to determine the https port for redirect.
2025-12-10 23:41:16.3456|INFO|LoansApi.Services.UserService|Login attempt: accountant.tornike
2025-12-10 23:41:16.9451|INFO|LoansApi.Services.UserService|Login success: accountant.tornike
2025-12-10 23:41:19.6662|INFO|LoansApi.Services.AccountantService|BlockUserAsync called for userId=1
2025-12-10 23:41:19.6771|WARN|LoansApi.Services.AccountantService|User tornike.e (Id=1) is already blocked.
2025-12-10 23:41:23.2681|INFO|LoansApi.Services.AccountantService|UnblockUserAsync called for userId=1
2025-12-10 23:41:23.3630|INFO|LoansApi.Services.AccountantService|User tornike.e (Id=1) unblocked by Accountant accountant.tornike (Id=3)
2025-12-10 23:41:26.2972|INFO|LoansApi.Services.AccountantService|BlockUserAsync called for userId=1
2025-12-10 23:41:26.3024|INFO|LoansApi.Services.AccountantService|User tornike.e (Id=1) blocked by Accountant accountant.tornike (Id=3)
2025-12-10 23:41:31.1450|INFO|LoansApi.Services.AccountantService|UnblockUserAsync called for userId=1
2025-12-10 23:41:31.1507|INFO|LoansApi.Services.AccountantService|User tornike.e (Id=1) unblocked by Accountant accountant.tornike (Id=3)
2025-12-10 23:41:33.1686|INFO|LoansApi.Services.AccountantService|UnblockUserAsync called for userId=1
2025-12-10 23:41:33.1704|WARN|LoansApi.Services.AccountantService|User tornike.e (Id=1) is not blocked.
2025-12-10 23:41:39.6145|INFO|LoansApi.Services.AccountantService|BlockUserAsync called for userId=1
2025-12-10 23:41:39.6182|INFO|LoansApi.Services.AccountantService|User tornike.e (Id=1) blocked by Accountant accountant.tornike (Id=3)
2025-12-10 23:41:40.3181|INFO|LoansApi.Services.AccountantService|BlockUserAsync called for userId=1
2025-12-10 23:41:40.3198|WARN|LoansApi.Services.AccountantService|User tornike.e (Id=1) is already blocked.
2025-12-10 23:47:16.5337|INFO|LoansApi.Program|Application started.
2025-12-10 23:47:18.7778|WARN|Microsoft.AspNetCore.HttpsPolicy.HttpsRedirectionMiddleware|Failed to determine the https port for redirect.
2025-12-10 23:47:18.8952|INFO|LoansApi.Services.AccountantService|BlockUserAsync called for userId=1
2025-12-10 23:47:19.4664|WARN|LoansApi.Services.AccountantService|User tornike.e (Id=1) is already blocked.
